<?xml version="1.0" encoding="UTF-8"?>
<testsuite xmlns:xsi="http://www.w3.org/2001/XMLSchema-instance" xsi:noNamespaceSchemaLocation="https://maven.apache.org/surefire/maven-surefire-plugin/xsd/surefire-test-report-3.0.xsd" version="3.0" name="org.acme.schooltimetabling.solver.TimeTableConstraintProviderTest" time="28.519" tests="6" errors="0" skipped="0" failures="1">
  <properties>
    <property name="java.specification.version" value="20"/>
    <property name="sun.jnu.encoding" value="UTF-8"/>
    <property name="java.class.path" value="/Users/ManavSharma/Desktop/pholder/College/Y4/Sem 2/FYP Impl/TMS/target/test-classes:/Users/ManavSharma/Desktop/pholder/College/Y4/Sem 2/FYP Impl/TMS/target/classes:/Users/ManavSharma/.m2/repository/org/springframework/boot/spring-boot-starter-web/2.7.12/spring-boot-starter-web-2.7.12.jar:/Users/ManavSharma/.m2/repository/org/springframework/boot/spring-boot-starter/2.7.12/spring-boot-starter-2.7.12.jar:/Users/ManavSharma/.m2/repository/org/springframework/boot/spring-boot/2.7.12/spring-boot-2.7.12.jar:/Users/ManavSharma/.m2/repository/org/springframework/boot/spring-boot-autoconfigure/2.7.12/spring-boot-autoconfigure-2.7.12.jar:/Users/ManavSharma/.m2/repository/org/springframework/boot/spring-boot-starter-logging/2.7.12/spring-boot-starter-logging-2.7.12.jar:/Users/ManavSharma/.m2/repository/ch/qos/logback/logback-classic/1.2.12/logback-classic-1.2.12.jar:/Users/ManavSharma/.m2/repository/ch/qos/logback/logback-core/1.2.12/logback-core-1.2.12.jar:/Users/ManavSharma/.m2/repository/org/apache/logging/log4j/log4j-to-slf4j/2.17.2/log4j-to-slf4j-2.17.2.jar:/Users/ManavSharma/.m2/repository/org/apache/logging/log4j/log4j-api/2.17.2/log4j-api-2.17.2.jar:/Users/ManavSharma/.m2/repository/org/slf4j/jul-to-slf4j/1.7.36/jul-to-slf4j-1.7.36.jar:/Users/ManavSharma/.m2/repository/jakarta/annotation/jakarta.annotation-api/1.3.5/jakarta.annotation-api-1.3.5.jar:/Users/ManavSharma/.m2/repository/org/yaml/snakeyaml/1.30/snakeyaml-1.30.jar:/Users/ManavSharma/.m2/repository/org/springframework/boot/spring-boot-starter-json/2.7.12/spring-boot-starter-json-2.7.12.jar:/Users/ManavSharma/.m2/repository/com/fasterxml/jackson/datatype/jackson-datatype-jdk8/2.13.5/jackson-datatype-jdk8-2.13.5.jar:/Users/ManavSharma/.m2/repository/com/fasterxml/jackson/datatype/jackson-datatype-jsr310/2.13.5/jackson-datatype-jsr310-2.13.5.jar:/Users/ManavSharma/.m2/repository/com/fasterxml/jackson/module/jackson-module-parameter-names/2.13.5/jackson-module-parameter-names-2.13.5.jar:/Users/ManavSharma/.m2/repository/org/springframework/boot/spring-boot-starter-tomcat/2.7.12/spring-boot-starter-tomcat-2.7.12.jar:/Users/ManavSharma/.m2/repository/org/apache/tomcat/embed/tomcat-embed-core/9.0.75/tomcat-embed-core-9.0.75.jar:/Users/ManavSharma/.m2/repository/org/apache/tomcat/embed/tomcat-embed-el/9.0.75/tomcat-embed-el-9.0.75.jar:/Users/ManavSharma/.m2/repository/org/apache/tomcat/embed/tomcat-embed-websocket/9.0.75/tomcat-embed-websocket-9.0.75.jar:/Users/ManavSharma/.m2/repository/org/springframework/spring-web/5.3.27/spring-web-5.3.27.jar:/Users/ManavSharma/.m2/repository/org/springframework/spring-beans/5.3.27/spring-beans-5.3.27.jar:/Users/ManavSharma/.m2/repository/org/springframework/spring-webmvc/5.3.27/spring-webmvc-5.3.27.jar:/Users/ManavSharma/.m2/repository/org/springframework/spring-aop/5.3.27/spring-aop-5.3.27.jar:/Users/ManavSharma/.m2/repository/org/springframework/spring-context/5.3.27/spring-context-5.3.27.jar:/Users/ManavSharma/.m2/repository/org/springframework/spring-expression/5.3.27/spring-expression-5.3.27.jar:/Users/ManavSharma/.m2/repository/org/springframework/boot/spring-boot-starter-data-rest/2.7.12/spring-boot-starter-data-rest-2.7.12.jar:/Users/ManavSharma/.m2/repository/org/springframework/data/spring-data-rest-webmvc/3.7.12/spring-data-rest-webmvc-3.7.12.jar:/Users/ManavSharma/.m2/repository/org/springframework/data/spring-data-rest-core/3.7.12/spring-data-rest-core-3.7.12.jar:/Users/ManavSharma/.m2/repository/org/springframework/hateoas/spring-hateoas/1.5.4/spring-hateoas-1.5.4.jar:/Users/ManavSharma/.m2/repository/org/springframework/plugin/spring-plugin-core/2.0.0.RELEASE/spring-plugin-core-2.0.0.RELEASE.jar:/Users/ManavSharma/.m2/repository/org/atteo/evo-inflector/1.3/evo-inflector-1.3.jar:/Users/ManavSharma/.m2/repository/com/fasterxml/jackson/core/jackson-annotations/2.13.5/jackson-annotations-2.13.5.jar:/Users/ManavSharma/.m2/repository/org/springframework/boot/spring-boot-starter-data-jpa/2.7.12/spring-boot-starter-data-jpa-2.7.12.jar:/Users/ManavSharma/.m2/repository/org/springframework/boot/spring-boot-starter-aop/2.7.12/spring-boot-starter-aop-2.7.12.jar:/Users/ManavSharma/.m2/repository/org/aspectj/aspectjweaver/1.9.7/aspectjweaver-1.9.7.jar:/Users/ManavSharma/.m2/repository/org/springframework/boot/spring-boot-starter-jdbc/2.7.12/spring-boot-starter-jdbc-2.7.12.jar:/Users/ManavSharma/.m2/repository/com/zaxxer/HikariCP/4.0.3/HikariCP-4.0.3.jar:/Users/ManavSharma/.m2/repository/org/springframework/spring-jdbc/5.3.27/spring-jdbc-5.3.27.jar:/Users/ManavSharma/.m2/repository/jakarta/transaction/jakarta.transaction-api/1.3.3/jakarta.transaction-api-1.3.3.jar:/Users/ManavSharma/.m2/repository/jakarta/persistence/jakarta.persistence-api/2.2.3/jakarta.persistence-api-2.2.3.jar:/Users/ManavSharma/.m2/repository/org/hibernate/hibernate-core/5.6.15.Final/hibernate-core-5.6.15.Final.jar:/Users/ManavSharma/.m2/repository/org/jboss/logging/jboss-logging/3.4.3.Final/jboss-logging-3.4.3.Final.jar:/Users/ManavSharma/.m2/repository/net/bytebuddy/byte-buddy/1.12.23/byte-buddy-1.12.23.jar:/Users/ManavSharma/.m2/repository/antlr/antlr/2.7.7/antlr-2.7.7.jar:/Users/ManavSharma/.m2/repository/org/jboss/jandex/2.4.2.Final/jandex-2.4.2.Final.jar:/Users/ManavSharma/.m2/repository/com/fasterxml/classmate/1.5.1/classmate-1.5.1.jar:/Users/ManavSharma/.m2/repository/org/hibernate/common/hibernate-commons-annotations/5.1.2.Final/hibernate-commons-annotations-5.1.2.Final.jar:/Users/ManavSharma/.m2/repository/org/springframework/data/spring-data-jpa/2.7.12/spring-data-jpa-2.7.12.jar:/Users/ManavSharma/.m2/repository/org/springframework/data/spring-data-commons/2.7.12/spring-data-commons-2.7.12.jar:/Users/ManavSharma/.m2/repository/org/springframework/spring-orm/5.3.27/spring-orm-5.3.27.jar:/Users/ManavSharma/.m2/repository/org/springframework/spring-tx/5.3.27/spring-tx-5.3.27.jar:/Users/ManavSharma/.m2/repository/org/springframework/spring-aspects/5.3.27/spring-aspects-5.3.27.jar:/Users/ManavSharma/.m2/repository/org/postgresql/postgresql/42.7.1/postgresql-42.7.1.jar:/Users/ManavSharma/.m2/repository/org/checkerframework/checker-qual/3.41.0/checker-qual-3.41.0.jar:/Users/ManavSharma/.m2/repository/org/optaplanner/optaplanner-spring-boot-starter/8.45.0-SNAPSHOT/optaplanner-spring-boot-starter-8.45.0-SNAPSHOT.jar:/Users/ManavSharma/.m2/repository/org/optaplanner/optaplanner-spring-boot-autoconfigure/8.45.0-SNAPSHOT/optaplanner-spring-boot-autoconfigure-8.45.0-SNAPSHOT.jar:/Users/ManavSharma/.m2/repository/org/optaplanner/optaplanner-core/8.45.0-SNAPSHOT/optaplanner-core-8.45.0-SNAPSHOT.jar:/Users/ManavSharma/.m2/repository/org/optaplanner/optaplanner-core-impl/8.45.0-SNAPSHOT/optaplanner-core-impl-8.45.0-SNAPSHOT.jar:/Users/ManavSharma/.m2/repository/org/apache/commons/commons-math3/3.6.1/commons-math3-3.6.1.jar:/Users/ManavSharma/.m2/repository/org/optaplanner/optaplanner-constraint-streams-drools/8.45.0-SNAPSHOT/optaplanner-constraint-streams-drools-8.45.0-SNAPSHOT.jar:/Users/ManavSharma/.m2/repository/org/drools/drools-engine/8.44.0.Final/drools-engine-8.44.0.Final.jar:/Users/ManavSharma/.m2/repository/org/kie/kie-api/8.44.0.Final/kie-api-8.44.0.Final.jar:/Users/ManavSharma/.m2/repository/org/kie/kie-internal/8.44.0.Final/kie-internal-8.44.0.Final.jar:/Users/ManavSharma/.m2/repository/org/drools/drools-core/8.44.0.Final/drools-core-8.44.0.Final.jar:/Users/ManavSharma/.m2/repository/org/kie/kie-util-xml/8.44.0.Final/kie-util-xml-8.44.0.Final.jar:/Users/ManavSharma/.m2/repository/org/drools/drools-wiring-api/8.44.0.Final/drools-wiring-api-8.44.0.Final.jar:/Users/ManavSharma/.m2/repository/org/drools/drools-base/8.44.0.Final/drools-base-8.44.0.Final.jar:/Users/ManavSharma/.m2/repository/org/drools/drools-wiring-static/8.44.0.Final/drools-wiring-static-8.44.0.Final.jar:/Users/ManavSharma/.m2/repository/org/drools/drools-io/8.44.0.Final/drools-io-8.44.0.Final.jar:/Users/ManavSharma/.m2/repository/org/drools/drools-wiring-dynamic/8.44.0.Final/drools-wiring-dynamic-8.44.0.Final.jar:/Users/ManavSharma/.m2/repository/org/drools/drools-kiesession/8.44.0.Final/drools-kiesession-8.44.0.Final.jar:/Users/ManavSharma/.m2/repository/org/drools/drools-tms/8.44.0.Final/drools-tms-8.44.0.Final.jar:/Users/ManavSharma/.m2/repository/org/drools/drools-compiler/8.44.0.Final/drools-compiler-8.44.0.Final.jar:/Users/ManavSharma/.m2/repository/org/drools/drools-drl-parser/8.44.0.Final/drools-drl-parser-8.44.0.Final.jar:/Users/ManavSharma/.m2/repository/org/drools/drools-drl-extensions/8.44.0.Final/drools-drl-extensions-8.44.0.Final.jar:/Users/ManavSharma/.m2/repository/org/drools/drools-drl-ast/8.44.0.Final/drools-drl-ast-8.44.0.Final.jar:/Users/ManavSharma/.m2/repository/org/kie/kie-memory-compiler/8.44.0.Final/kie-memory-compiler-8.44.0.Final.jar:/Users/ManavSharma/.m2/repository/org/drools/drools-ecj/8.44.0.Final/drools-ecj-8.44.0.Final.jar:/Users/ManavSharma/.m2/repository/org/eclipse/jdt/ecj/3.33.0/ecj-3.33.0.jar:/Users/ManavSharma/.m2/repository/org/kie/kie-util-maven-support/8.44.0.Final/kie-util-maven-support-8.44.0.Final.jar:/Users/ManavSharma/.m2/repository/org/antlr/antlr-runtime/3.5.2/antlr-runtime-3.5.2.jar:/Users/ManavSharma/.m2/repository/org/drools/drools-model-compiler/8.44.0.Final/drools-model-compiler-8.44.0.Final.jar:/Users/ManavSharma/.m2/repository/org/drools/drools-canonical-model/8.44.0.Final/drools-canonical-model-8.44.0.Final.jar:/Users/ManavSharma/.m2/repository/org/drools/drools-model-codegen/8.44.0.Final/drools-model-codegen-8.44.0.Final.jar:/Users/ManavSharma/.m2/repository/org/drools/drools-util/8.44.0.Final/drools-util-8.44.0.Final.jar:/Users/ManavSharma/.m2/repository/org/drools/drools-codegen-common/8.44.0.Final/drools-codegen-common-8.44.0.Final.jar:/Users/ManavSharma/.m2/repository/com/github/javaparser/javaparser-core/3.24.2/javaparser-core-3.24.2.jar:/Users/ManavSharma/.m2/repository/org/drools/drools-mvel-parser/8.44.0.Final/drools-mvel-parser-8.44.0.Final.jar:/Users/ManavSharma/.m2/repository/org/drools/drools-mvel-compiler/8.44.0.Final/drools-mvel-compiler-8.44.0.Final.jar:/Users/ManavSharma/.m2/repository/org/drools/drools-commands/8.44.0.Final/drools-commands-8.44.0.Final.jar:/Users/ManavSharma/.m2/repository/org/drools/drools-alphanetwork-compiler/8.44.0.Final/drools-alphanetwork-compiler-8.44.0.Final.jar:/Users/ManavSharma/.m2/repository/org/optaplanner/optaplanner-constraint-drl/8.45.0-SNAPSHOT/optaplanner-constraint-drl-8.45.0-SNAPSHOT.jar:/Users/ManavSharma/.m2/repository/org/optaplanner/optaplanner-constraint-streams-bavet/8.45.0-SNAPSHOT/optaplanner-constraint-streams-bavet-8.45.0-SNAPSHOT.jar:/Users/ManavSharma/.m2/repository/org/optaplanner/optaplanner-persistence-jackson/8.45.0-SNAPSHOT/optaplanner-persistence-jackson-8.45.0-SNAPSHOT.jar:/Users/ManavSharma/.m2/repository/com/fasterxml/jackson/core/jackson-core/2.13.5/jackson-core-2.13.5.jar:/Users/ManavSharma/.m2/repository/org/springframework/boot/spring-boot-starter-test/2.7.12/spring-boot-starter-test-2.7.12.jar:/Users/ManavSharma/.m2/repository/org/springframework/boot/spring-boot-test/2.7.12/spring-boot-test-2.7.12.jar:/Users/ManavSharma/.m2/repository/org/springframework/boot/spring-boot-test-autoconfigure/2.7.12/spring-boot-test-autoconfigure-2.7.12.jar:/Users/ManavSharma/.m2/repository/com/jayway/jsonpath/json-path/2.7.0/json-path-2.7.0.jar:/Users/ManavSharma/.m2/repository/net/minidev/json-smart/2.4.11/json-smart-2.4.11.jar:/Users/ManavSharma/.m2/repository/net/minidev/accessors-smart/2.4.11/accessors-smart-2.4.11.jar:/Users/ManavSharma/.m2/repository/org/ow2/asm/asm/9.3/asm-9.3.jar:/Users/ManavSharma/.m2/repository/jakarta/xml/bind/jakarta.xml.bind-api/2.3.3/jakarta.xml.bind-api-2.3.3.jar:/Users/ManavSharma/.m2/repository/jakarta/activation/jakarta.activation-api/1.2.2/jakarta.activation-api-1.2.2.jar:/Users/ManavSharma/.m2/repository/org/assertj/assertj-core/3.22.0/assertj-core-3.22.0.jar:/Users/ManavSharma/.m2/repository/org/hamcrest/hamcrest/2.2/hamcrest-2.2.jar:/Users/ManavSharma/.m2/repository/org/junit/jupiter/junit-jupiter/5.8.2/junit-jupiter-5.8.2.jar:/Users/ManavSharma/.m2/repository/org/junit/jupiter/junit-jupiter-params/5.8.2/junit-jupiter-params-5.8.2.jar:/Users/ManavSharma/.m2/repository/org/junit/jupiter/junit-jupiter-engine/5.8.2/junit-jupiter-engine-5.8.2.jar:/Users/ManavSharma/.m2/repository/org/junit/platform/junit-platform-engine/1.8.2/junit-platform-engine-1.8.2.jar:/Users/ManavSharma/.m2/repository/org/mockito/mockito-core/4.5.1/mockito-core-4.5.1.jar:/Users/ManavSharma/.m2/repository/net/bytebuddy/byte-buddy-agent/1.12.23/byte-buddy-agent-1.12.23.jar:/Users/ManavSharma/.m2/repository/org/objenesis/objenesis/3.2/objenesis-3.2.jar:/Users/ManavSharma/.m2/repository/org/mockito/mockito-junit-jupiter/4.5.1/mockito-junit-jupiter-4.5.1.jar:/Users/ManavSharma/.m2/repository/org/skyscreamer/jsonassert/1.5.1/jsonassert-1.5.1.jar:/Users/ManavSharma/.m2/repository/com/vaadin/external/google/android-json/0.0.20131108.vaadin1/android-json-0.0.20131108.vaadin1.jar:/Users/ManavSharma/.m2/repository/org/springframework/spring-core/5.3.27/spring-core-5.3.27.jar:/Users/ManavSharma/.m2/repository/org/springframework/spring-jcl/5.3.27/spring-jcl-5.3.27.jar:/Users/ManavSharma/.m2/repository/org/springframework/spring-test/5.3.27/spring-test-5.3.27.jar:/Users/ManavSharma/.m2/repository/org/xmlunit/xmlunit-core/2.9.1/xmlunit-core-2.9.1.jar:/Users/ManavSharma/.m2/repository/org/optaplanner/optaplanner-benchmark/8.45.0-SNAPSHOT/optaplanner-benchmark-8.45.0-SNAPSHOT.jar:/Users/ManavSharma/.m2/repository/org/optaplanner/optaplanner-persistence-common/8.45.0-SNAPSHOT/optaplanner-persistence-common-8.45.0-SNAPSHOT.jar:/Users/ManavSharma/.m2/repository/org/optaplanner/optaplanner-persistence-jaxb/8.45.0-SNAPSHOT/optaplanner-persistence-jaxb-8.45.0-SNAPSHOT.jar:/Users/ManavSharma/.m2/repository/org/slf4j/slf4j-api/1.7.36/slf4j-api-1.7.36.jar:/Users/ManavSharma/.m2/repository/org/glassfish/jaxb/jaxb-runtime/2.3.8/jaxb-runtime-2.3.8.jar:/Users/ManavSharma/.m2/repository/org/glassfish/jaxb/txw2/2.3.8/txw2-2.3.8.jar:/Users/ManavSharma/.m2/repository/com/sun/istack/istack-commons-runtime/3.0.12/istack-commons-runtime-3.0.12.jar:/Users/ManavSharma/.m2/repository/com/sun/activation/jakarta.activation/1.2.2/jakarta.activation-1.2.2.jar:/Users/ManavSharma/.m2/repository/io/micrometer/micrometer-core/1.9.11/micrometer-core-1.9.11.jar:/Users/ManavSharma/.m2/repository/org/hdrhistogram/HdrHistogram/2.1.12/HdrHistogram-2.1.12.jar:/Users/ManavSharma/.m2/repository/org/latencyutils/LatencyUtils/2.0.3/LatencyUtils-2.0.3.jar:/Users/ManavSharma/.m2/repository/org/jfree/jfreechart/1.5.4/jfreechart-1.5.4.jar:/Users/ManavSharma/.m2/repository/org/freemarker/freemarker/2.3.32/freemarker-2.3.32.jar:/Users/ManavSharma/.m2/repository/org/optaplanner/optaplanner-test/8.45.0-SNAPSHOT/optaplanner-test-8.45.0-SNAPSHOT.jar:/Users/ManavSharma/.m2/repository/org/optaplanner/optaplanner-constraint-streams-common/8.45.0-SNAPSHOT/optaplanner-constraint-streams-common-8.45.0-SNAPSHOT.jar:/Users/ManavSharma/.m2/repository/org/junit/jupiter/junit-jupiter-api/5.8.2/junit-jupiter-api-5.8.2.jar:/Users/ManavSharma/.m2/repository/org/opentest4j/opentest4j/1.2.0/opentest4j-1.2.0.jar:/Users/ManavSharma/.m2/repository/org/junit/platform/junit-platform-commons/1.8.2/junit-platform-commons-1.8.2.jar:/Users/ManavSharma/.m2/repository/org/apiguardian/apiguardian-api/1.1.2/apiguardian-api-1.1.2.jar:/Users/ManavSharma/.m2/repository/io/rest-assured/rest-assured/4.5.1/rest-assured-4.5.1.jar:/Users/ManavSharma/.m2/repository/org/codehaus/groovy/groovy/3.0.17/groovy-3.0.17.jar:/Users/ManavSharma/.m2/repository/org/codehaus/groovy/groovy-xml/3.0.17/groovy-xml-3.0.17.jar:/Users/ManavSharma/.m2/repository/org/apache/httpcomponents/httpclient/4.5.14/httpclient-4.5.14.jar:/Users/ManavSharma/.m2/repository/org/apache/httpcomponents/httpcore/4.4.16/httpcore-4.4.16.jar:/Users/ManavSharma/.m2/repository/commons-codec/commons-codec/1.15/commons-codec-1.15.jar:/Users/ManavSharma/.m2/repository/org/apache/httpcomponents/httpmime/4.5.14/httpmime-4.5.14.jar:/Users/ManavSharma/.m2/repository/org/ccil/cowan/tagsoup/tagsoup/1.2.1/tagsoup-1.2.1.jar:/Users/ManavSharma/.m2/repository/io/rest-assured/json-path/4.5.1/json-path-4.5.1.jar:/Users/ManavSharma/.m2/repository/org/codehaus/groovy/groovy-json/3.0.17/groovy-json-3.0.17.jar:/Users/ManavSharma/.m2/repository/io/rest-assured/rest-assured-common/4.5.1/rest-assured-common-4.5.1.jar:/Users/ManavSharma/.m2/repository/io/rest-assured/xml-path/4.5.1/xml-path-4.5.1.jar:/Users/ManavSharma/.m2/repository/org/awaitility/awaitility/4.2.0/awaitility-4.2.0.jar:/Users/ManavSharma/.m2/repository/org/webjars/webjars-locator/0.37/webjars-locator-0.37.jar:/Users/ManavSharma/.m2/repository/org/webjars/webjars-locator-core/0.50/webjars-locator-core-0.50.jar:/Users/ManavSharma/.m2/repository/io/github/classgraph/classgraph/4.8.139/classgraph-4.8.139.jar:/Users/ManavSharma/.m2/repository/com/fasterxml/jackson/core/jackson-databind/2.13.5/jackson-databind-2.13.5.jar:/Users/ManavSharma/.m2/repository/org/apache/commons/commons-lang3/3.12.0/commons-lang3-3.12.0.jar:/Users/ManavSharma/.m2/repository/org/webjars/bootstrap/4.5.3/bootstrap-4.5.3.jar:/Users/ManavSharma/.m2/repository/org/webjars/popper.js/1.16.0/popper.js-1.16.0.jar:/Users/ManavSharma/.m2/repository/org/webjars/jquery/3.5.1/jquery-3.5.1.jar:/Users/ManavSharma/.m2/repository/org/webjars/font-awesome/5.15.1/font-awesome-5.15.1.jar:/Users/ManavSharma/.m2/repository/org/webjars/npm/js-joda/1.11.0/js-joda-1.11.0.jar:"/>
    <property name="java.vm.vendor" value="Oracle Corporation"/>
    <property name="sun.arch.data.model" value="64"/>
    <property name="java.vendor.url" value="https://java.oracle.com/"/>
    <property name="user.timezone" value="Europe/Dublin"/>
    <property name="os.name" value="Mac OS X"/>
    <property name="java.vm.specification.version" value="20"/>
    <property name="sun.java.launcher" value="SUN_STANDARD"/>
    <property name="user.country" value="GB"/>
    <property name="sun.boot.library.path" value="/Library/Java/JavaVirtualMachines/jdk-20.jdk/Contents/Home/lib"/>
    <property name="sun.java.command" value="/Users/ManavSharma/Desktop/pholder/College/Y4/Sem 2/FYP Impl/TMS/target/surefire/surefirebooter-20240307202849062_3.jar /Users/ManavSharma/Desktop/pholder/College/Y4/Sem 2/FYP Impl/TMS/target/surefire 2024-03-07T20-28-48_443-jvmRun1 surefire-20240307202849062_1tmp surefire_0-20240307202849062_2tmp"/>
    <property name="http.nonProxyHosts" value="local|*.local|169.254/16|*.169.254/16"/>
    <property name="jdk.debug" value="release"/>
    <property name="surefire.test.class.path" value="/Users/ManavSharma/Desktop/pholder/College/Y4/Sem 2/FYP Impl/TMS/target/test-classes:/Users/ManavSharma/Desktop/pholder/College/Y4/Sem 2/FYP Impl/TMS/target/classes:/Users/ManavSharma/.m2/repository/org/springframework/boot/spring-boot-starter-web/2.7.12/spring-boot-starter-web-2.7.12.jar:/Users/ManavSharma/.m2/repository/org/springframework/boot/spring-boot-starter/2.7.12/spring-boot-starter-2.7.12.jar:/Users/ManavSharma/.m2/repository/org/springframework/boot/spring-boot/2.7.12/spring-boot-2.7.12.jar:/Users/ManavSharma/.m2/repository/org/springframework/boot/spring-boot-autoconfigure/2.7.12/spring-boot-autoconfigure-2.7.12.jar:/Users/ManavSharma/.m2/repository/org/springframework/boot/spring-boot-starter-logging/2.7.12/spring-boot-starter-logging-2.7.12.jar:/Users/ManavSharma/.m2/repository/ch/qos/logback/logback-classic/1.2.12/logback-classic-1.2.12.jar:/Users/ManavSharma/.m2/repository/ch/qos/logback/logback-core/1.2.12/logback-core-1.2.12.jar:/Users/ManavSharma/.m2/repository/org/apache/logging/log4j/log4j-to-slf4j/2.17.2/log4j-to-slf4j-2.17.2.jar:/Users/ManavSharma/.m2/repository/org/apache/logging/log4j/log4j-api/2.17.2/log4j-api-2.17.2.jar:/Users/ManavSharma/.m2/repository/org/slf4j/jul-to-slf4j/1.7.36/jul-to-slf4j-1.7.36.jar:/Users/ManavSharma/.m2/repository/jakarta/annotation/jakarta.annotation-api/1.3.5/jakarta.annotation-api-1.3.5.jar:/Users/ManavSharma/.m2/repository/org/yaml/snakeyaml/1.30/snakeyaml-1.30.jar:/Users/ManavSharma/.m2/repository/org/springframework/boot/spring-boot-starter-json/2.7.12/spring-boot-starter-json-2.7.12.jar:/Users/ManavSharma/.m2/repository/com/fasterxml/jackson/datatype/jackson-datatype-jdk8/2.13.5/jackson-datatype-jdk8-2.13.5.jar:/Users/ManavSharma/.m2/repository/com/fasterxml/jackson/datatype/jackson-datatype-jsr310/2.13.5/jackson-datatype-jsr310-2.13.5.jar:/Users/ManavSharma/.m2/repository/com/fasterxml/jackson/module/jackson-module-parameter-names/2.13.5/jackson-module-parameter-names-2.13.5.jar:/Users/ManavSharma/.m2/repository/org/springframework/boot/spring-boot-starter-tomcat/2.7.12/spring-boot-starter-tomcat-2.7.12.jar:/Users/ManavSharma/.m2/repository/org/apache/tomcat/embed/tomcat-embed-core/9.0.75/tomcat-embed-core-9.0.75.jar:/Users/ManavSharma/.m2/repository/org/apache/tomcat/embed/tomcat-embed-el/9.0.75/tomcat-embed-el-9.0.75.jar:/Users/ManavSharma/.m2/repository/org/apache/tomcat/embed/tomcat-embed-websocket/9.0.75/tomcat-embed-websocket-9.0.75.jar:/Users/ManavSharma/.m2/repository/org/springframework/spring-web/5.3.27/spring-web-5.3.27.jar:/Users/ManavSharma/.m2/repository/org/springframework/spring-beans/5.3.27/spring-beans-5.3.27.jar:/Users/ManavSharma/.m2/repository/org/springframework/spring-webmvc/5.3.27/spring-webmvc-5.3.27.jar:/Users/ManavSharma/.m2/repository/org/springframework/spring-aop/5.3.27/spring-aop-5.3.27.jar:/Users/ManavSharma/.m2/repository/org/springframework/spring-context/5.3.27/spring-context-5.3.27.jar:/Users/ManavSharma/.m2/repository/org/springframework/spring-expression/5.3.27/spring-expression-5.3.27.jar:/Users/ManavSharma/.m2/repository/org/springframework/boot/spring-boot-starter-data-rest/2.7.12/spring-boot-starter-data-rest-2.7.12.jar:/Users/ManavSharma/.m2/repository/org/springframework/data/spring-data-rest-webmvc/3.7.12/spring-data-rest-webmvc-3.7.12.jar:/Users/ManavSharma/.m2/repository/org/springframework/data/spring-data-rest-core/3.7.12/spring-data-rest-core-3.7.12.jar:/Users/ManavSharma/.m2/repository/org/springframework/hateoas/spring-hateoas/1.5.4/spring-hateoas-1.5.4.jar:/Users/ManavSharma/.m2/repository/org/springframework/plugin/spring-plugin-core/2.0.0.RELEASE/spring-plugin-core-2.0.0.RELEASE.jar:/Users/ManavSharma/.m2/repository/org/atteo/evo-inflector/1.3/evo-inflector-1.3.jar:/Users/ManavSharma/.m2/repository/com/fasterxml/jackson/core/jackson-annotations/2.13.5/jackson-annotations-2.13.5.jar:/Users/ManavSharma/.m2/repository/org/springframework/boot/spring-boot-starter-data-jpa/2.7.12/spring-boot-starter-data-jpa-2.7.12.jar:/Users/ManavSharma/.m2/repository/org/springframework/boot/spring-boot-starter-aop/2.7.12/spring-boot-starter-aop-2.7.12.jar:/Users/ManavSharma/.m2/repository/org/aspectj/aspectjweaver/1.9.7/aspectjweaver-1.9.7.jar:/Users/ManavSharma/.m2/repository/org/springframework/boot/spring-boot-starter-jdbc/2.7.12/spring-boot-starter-jdbc-2.7.12.jar:/Users/ManavSharma/.m2/repository/com/zaxxer/HikariCP/4.0.3/HikariCP-4.0.3.jar:/Users/ManavSharma/.m2/repository/org/springframework/spring-jdbc/5.3.27/spring-jdbc-5.3.27.jar:/Users/ManavSharma/.m2/repository/jakarta/transaction/jakarta.transaction-api/1.3.3/jakarta.transaction-api-1.3.3.jar:/Users/ManavSharma/.m2/repository/jakarta/persistence/jakarta.persistence-api/2.2.3/jakarta.persistence-api-2.2.3.jar:/Users/ManavSharma/.m2/repository/org/hibernate/hibernate-core/5.6.15.Final/hibernate-core-5.6.15.Final.jar:/Users/ManavSharma/.m2/repository/org/jboss/logging/jboss-logging/3.4.3.Final/jboss-logging-3.4.3.Final.jar:/Users/ManavSharma/.m2/repository/net/bytebuddy/byte-buddy/1.12.23/byte-buddy-1.12.23.jar:/Users/ManavSharma/.m2/repository/antlr/antlr/2.7.7/antlr-2.7.7.jar:/Users/ManavSharma/.m2/repository/org/jboss/jandex/2.4.2.Final/jandex-2.4.2.Final.jar:/Users/ManavSharma/.m2/repository/com/fasterxml/classmate/1.5.1/classmate-1.5.1.jar:/Users/ManavSharma/.m2/repository/org/hibernate/common/hibernate-commons-annotations/5.1.2.Final/hibernate-commons-annotations-5.1.2.Final.jar:/Users/ManavSharma/.m2/repository/org/springframework/data/spring-data-jpa/2.7.12/spring-data-jpa-2.7.12.jar:/Users/ManavSharma/.m2/repository/org/springframework/data/spring-data-commons/2.7.12/spring-data-commons-2.7.12.jar:/Users/ManavSharma/.m2/repository/org/springframework/spring-orm/5.3.27/spring-orm-5.3.27.jar:/Users/ManavSharma/.m2/repository/org/springframework/spring-tx/5.3.27/spring-tx-5.3.27.jar:/Users/ManavSharma/.m2/repository/org/springframework/spring-aspects/5.3.27/spring-aspects-5.3.27.jar:/Users/ManavSharma/.m2/repository/org/postgresql/postgresql/42.7.1/postgresql-42.7.1.jar:/Users/ManavSharma/.m2/repository/org/checkerframework/checker-qual/3.41.0/checker-qual-3.41.0.jar:/Users/ManavSharma/.m2/repository/org/optaplanner/optaplanner-spring-boot-starter/8.45.0-SNAPSHOT/optaplanner-spring-boot-starter-8.45.0-SNAPSHOT.jar:/Users/ManavSharma/.m2/repository/org/optaplanner/optaplanner-spring-boot-autoconfigure/8.45.0-SNAPSHOT/optaplanner-spring-boot-autoconfigure-8.45.0-SNAPSHOT.jar:/Users/ManavSharma/.m2/repository/org/optaplanner/optaplanner-core/8.45.0-SNAPSHOT/optaplanner-core-8.45.0-SNAPSHOT.jar:/Users/ManavSharma/.m2/repository/org/optaplanner/optaplanner-core-impl/8.45.0-SNAPSHOT/optaplanner-core-impl-8.45.0-SNAPSHOT.jar:/Users/ManavSharma/.m2/repository/org/apache/commons/commons-math3/3.6.1/commons-math3-3.6.1.jar:/Users/ManavSharma/.m2/repository/org/optaplanner/optaplanner-constraint-streams-drools/8.45.0-SNAPSHOT/optaplanner-constraint-streams-drools-8.45.0-SNAPSHOT.jar:/Users/ManavSharma/.m2/repository/org/drools/drools-engine/8.44.0.Final/drools-engine-8.44.0.Final.jar:/Users/ManavSharma/.m2/repository/org/kie/kie-api/8.44.0.Final/kie-api-8.44.0.Final.jar:/Users/ManavSharma/.m2/repository/org/kie/kie-internal/8.44.0.Final/kie-internal-8.44.0.Final.jar:/Users/ManavSharma/.m2/repository/org/drools/drools-core/8.44.0.Final/drools-core-8.44.0.Final.jar:/Users/ManavSharma/.m2/repository/org/kie/kie-util-xml/8.44.0.Final/kie-util-xml-8.44.0.Final.jar:/Users/ManavSharma/.m2/repository/org/drools/drools-wiring-api/8.44.0.Final/drools-wiring-api-8.44.0.Final.jar:/Users/ManavSharma/.m2/repository/org/drools/drools-base/8.44.0.Final/drools-base-8.44.0.Final.jar:/Users/ManavSharma/.m2/repository/org/drools/drools-wiring-static/8.44.0.Final/drools-wiring-static-8.44.0.Final.jar:/Users/ManavSharma/.m2/repository/org/drools/drools-io/8.44.0.Final/drools-io-8.44.0.Final.jar:/Users/ManavSharma/.m2/repository/org/drools/drools-wiring-dynamic/8.44.0.Final/drools-wiring-dynamic-8.44.0.Final.jar:/Users/ManavSharma/.m2/repository/org/drools/drools-kiesession/8.44.0.Final/drools-kiesession-8.44.0.Final.jar:/Users/ManavSharma/.m2/repository/org/drools/drools-tms/8.44.0.Final/drools-tms-8.44.0.Final.jar:/Users/ManavSharma/.m2/repository/org/drools/drools-compiler/8.44.0.Final/drools-compiler-8.44.0.Final.jar:/Users/ManavSharma/.m2/repository/org/drools/drools-drl-parser/8.44.0.Final/drools-drl-parser-8.44.0.Final.jar:/Users/ManavSharma/.m2/repository/org/drools/drools-drl-extensions/8.44.0.Final/drools-drl-extensions-8.44.0.Final.jar:/Users/ManavSharma/.m2/repository/org/drools/drools-drl-ast/8.44.0.Final/drools-drl-ast-8.44.0.Final.jar:/Users/ManavSharma/.m2/repository/org/kie/kie-memory-compiler/8.44.0.Final/kie-memory-compiler-8.44.0.Final.jar:/Users/ManavSharma/.m2/repository/org/drools/drools-ecj/8.44.0.Final/drools-ecj-8.44.0.Final.jar:/Users/ManavSharma/.m2/repository/org/eclipse/jdt/ecj/3.33.0/ecj-3.33.0.jar:/Users/ManavSharma/.m2/repository/org/kie/kie-util-maven-support/8.44.0.Final/kie-util-maven-support-8.44.0.Final.jar:/Users/ManavSharma/.m2/repository/org/antlr/antlr-runtime/3.5.2/antlr-runtime-3.5.2.jar:/Users/ManavSharma/.m2/repository/org/drools/drools-model-compiler/8.44.0.Final/drools-model-compiler-8.44.0.Final.jar:/Users/ManavSharma/.m2/repository/org/drools/drools-canonical-model/8.44.0.Final/drools-canonical-model-8.44.0.Final.jar:/Users/ManavSharma/.m2/repository/org/drools/drools-model-codegen/8.44.0.Final/drools-model-codegen-8.44.0.Final.jar:/Users/ManavSharma/.m2/repository/org/drools/drools-util/8.44.0.Final/drools-util-8.44.0.Final.jar:/Users/ManavSharma/.m2/repository/org/drools/drools-codegen-common/8.44.0.Final/drools-codegen-common-8.44.0.Final.jar:/Users/ManavSharma/.m2/repository/com/github/javaparser/javaparser-core/3.24.2/javaparser-core-3.24.2.jar:/Users/ManavSharma/.m2/repository/org/drools/drools-mvel-parser/8.44.0.Final/drools-mvel-parser-8.44.0.Final.jar:/Users/ManavSharma/.m2/repository/org/drools/drools-mvel-compiler/8.44.0.Final/drools-mvel-compiler-8.44.0.Final.jar:/Users/ManavSharma/.m2/repository/org/drools/drools-commands/8.44.0.Final/drools-commands-8.44.0.Final.jar:/Users/ManavSharma/.m2/repository/org/drools/drools-alphanetwork-compiler/8.44.0.Final/drools-alphanetwork-compiler-8.44.0.Final.jar:/Users/ManavSharma/.m2/repository/org/optaplanner/optaplanner-constraint-drl/8.45.0-SNAPSHOT/optaplanner-constraint-drl-8.45.0-SNAPSHOT.jar:/Users/ManavSharma/.m2/repository/org/optaplanner/optaplanner-constraint-streams-bavet/8.45.0-SNAPSHOT/optaplanner-constraint-streams-bavet-8.45.0-SNAPSHOT.jar:/Users/ManavSharma/.m2/repository/org/optaplanner/optaplanner-persistence-jackson/8.45.0-SNAPSHOT/optaplanner-persistence-jackson-8.45.0-SNAPSHOT.jar:/Users/ManavSharma/.m2/repository/com/fasterxml/jackson/core/jackson-core/2.13.5/jackson-core-2.13.5.jar:/Users/ManavSharma/.m2/repository/org/springframework/boot/spring-boot-starter-test/2.7.12/spring-boot-starter-test-2.7.12.jar:/Users/ManavSharma/.m2/repository/org/springframework/boot/spring-boot-test/2.7.12/spring-boot-test-2.7.12.jar:/Users/ManavSharma/.m2/repository/org/springframework/boot/spring-boot-test-autoconfigure/2.7.12/spring-boot-test-autoconfigure-2.7.12.jar:/Users/ManavSharma/.m2/repository/com/jayway/jsonpath/json-path/2.7.0/json-path-2.7.0.jar:/Users/ManavSharma/.m2/repository/net/minidev/json-smart/2.4.11/json-smart-2.4.11.jar:/Users/ManavSharma/.m2/repository/net/minidev/accessors-smart/2.4.11/accessors-smart-2.4.11.jar:/Users/ManavSharma/.m2/repository/org/ow2/asm/asm/9.3/asm-9.3.jar:/Users/ManavSharma/.m2/repository/jakarta/xml/bind/jakarta.xml.bind-api/2.3.3/jakarta.xml.bind-api-2.3.3.jar:/Users/ManavSharma/.m2/repository/jakarta/activation/jakarta.activation-api/1.2.2/jakarta.activation-api-1.2.2.jar:/Users/ManavSharma/.m2/repository/org/assertj/assertj-core/3.22.0/assertj-core-3.22.0.jar:/Users/ManavSharma/.m2/repository/org/hamcrest/hamcrest/2.2/hamcrest-2.2.jar:/Users/ManavSharma/.m2/repository/org/junit/jupiter/junit-jupiter/5.8.2/junit-jupiter-5.8.2.jar:/Users/ManavSharma/.m2/repository/org/junit/jupiter/junit-jupiter-params/5.8.2/junit-jupiter-params-5.8.2.jar:/Users/ManavSharma/.m2/repository/org/junit/jupiter/junit-jupiter-engine/5.8.2/junit-jupiter-engine-5.8.2.jar:/Users/ManavSharma/.m2/repository/org/junit/platform/junit-platform-engine/1.8.2/junit-platform-engine-1.8.2.jar:/Users/ManavSharma/.m2/repository/org/mockito/mockito-core/4.5.1/mockito-core-4.5.1.jar:/Users/ManavSharma/.m2/repository/net/bytebuddy/byte-buddy-agent/1.12.23/byte-buddy-agent-1.12.23.jar:/Users/ManavSharma/.m2/repository/org/objenesis/objenesis/3.2/objenesis-3.2.jar:/Users/ManavSharma/.m2/repository/org/mockito/mockito-junit-jupiter/4.5.1/mockito-junit-jupiter-4.5.1.jar:/Users/ManavSharma/.m2/repository/org/skyscreamer/jsonassert/1.5.1/jsonassert-1.5.1.jar:/Users/ManavSharma/.m2/repository/com/vaadin/external/google/android-json/0.0.20131108.vaadin1/android-json-0.0.20131108.vaadin1.jar:/Users/ManavSharma/.m2/repository/org/springframework/spring-core/5.3.27/spring-core-5.3.27.jar:/Users/ManavSharma/.m2/repository/org/springframework/spring-jcl/5.3.27/spring-jcl-5.3.27.jar:/Users/ManavSharma/.m2/repository/org/springframework/spring-test/5.3.27/spring-test-5.3.27.jar:/Users/ManavSharma/.m2/repository/org/xmlunit/xmlunit-core/2.9.1/xmlunit-core-2.9.1.jar:/Users/ManavSharma/.m2/repository/org/optaplanner/optaplanner-benchmark/8.45.0-SNAPSHOT/optaplanner-benchmark-8.45.0-SNAPSHOT.jar:/Users/ManavSharma/.m2/repository/org/optaplanner/optaplanner-persistence-common/8.45.0-SNAPSHOT/optaplanner-persistence-common-8.45.0-SNAPSHOT.jar:/Users/ManavSharma/.m2/repository/org/optaplanner/optaplanner-persistence-jaxb/8.45.0-SNAPSHOT/optaplanner-persistence-jaxb-8.45.0-SNAPSHOT.jar:/Users/ManavSharma/.m2/repository/org/slf4j/slf4j-api/1.7.36/slf4j-api-1.7.36.jar:/Users/ManavSharma/.m2/repository/org/glassfish/jaxb/jaxb-runtime/2.3.8/jaxb-runtime-2.3.8.jar:/Users/ManavSharma/.m2/repository/org/glassfish/jaxb/txw2/2.3.8/txw2-2.3.8.jar:/Users/ManavSharma/.m2/repository/com/sun/istack/istack-commons-runtime/3.0.12/istack-commons-runtime-3.0.12.jar:/Users/ManavSharma/.m2/repository/com/sun/activation/jakarta.activation/1.2.2/jakarta.activation-1.2.2.jar:/Users/ManavSharma/.m2/repository/io/micrometer/micrometer-core/1.9.11/micrometer-core-1.9.11.jar:/Users/ManavSharma/.m2/repository/org/hdrhistogram/HdrHistogram/2.1.12/HdrHistogram-2.1.12.jar:/Users/ManavSharma/.m2/repository/org/latencyutils/LatencyUtils/2.0.3/LatencyUtils-2.0.3.jar:/Users/ManavSharma/.m2/repository/org/jfree/jfreechart/1.5.4/jfreechart-1.5.4.jar:/Users/ManavSharma/.m2/repository/org/freemarker/freemarker/2.3.32/freemarker-2.3.32.jar:/Users/ManavSharma/.m2/repository/org/optaplanner/optaplanner-test/8.45.0-SNAPSHOT/optaplanner-test-8.45.0-SNAPSHOT.jar:/Users/ManavSharma/.m2/repository/org/optaplanner/optaplanner-constraint-streams-common/8.45.0-SNAPSHOT/optaplanner-constraint-streams-common-8.45.0-SNAPSHOT.jar:/Users/ManavSharma/.m2/repository/org/junit/jupiter/junit-jupiter-api/5.8.2/junit-jupiter-api-5.8.2.jar:/Users/ManavSharma/.m2/repository/org/opentest4j/opentest4j/1.2.0/opentest4j-1.2.0.jar:/Users/ManavSharma/.m2/repository/org/junit/platform/junit-platform-commons/1.8.2/junit-platform-commons-1.8.2.jar:/Users/ManavSharma/.m2/repository/org/apiguardian/apiguardian-api/1.1.2/apiguardian-api-1.1.2.jar:/Users/ManavSharma/.m2/repository/io/rest-assured/rest-assured/4.5.1/rest-assured-4.5.1.jar:/Users/ManavSharma/.m2/repository/org/codehaus/groovy/groovy/3.0.17/groovy-3.0.17.jar:/Users/ManavSharma/.m2/repository/org/codehaus/groovy/groovy-xml/3.0.17/groovy-xml-3.0.17.jar:/Users/ManavSharma/.m2/repository/org/apache/httpcomponents/httpclient/4.5.14/httpclient-4.5.14.jar:/Users/ManavSharma/.m2/repository/org/apache/httpcomponents/httpcore/4.4.16/httpcore-4.4.16.jar:/Users/ManavSharma/.m2/repository/commons-codec/commons-codec/1.15/commons-codec-1.15.jar:/Users/ManavSharma/.m2/repository/org/apache/httpcomponents/httpmime/4.5.14/httpmime-4.5.14.jar:/Users/ManavSharma/.m2/repository/org/ccil/cowan/tagsoup/tagsoup/1.2.1/tagsoup-1.2.1.jar:/Users/ManavSharma/.m2/repository/io/rest-assured/json-path/4.5.1/json-path-4.5.1.jar:/Users/ManavSharma/.m2/repository/org/codehaus/groovy/groovy-json/3.0.17/groovy-json-3.0.17.jar:/Users/ManavSharma/.m2/repository/io/rest-assured/rest-assured-common/4.5.1/rest-assured-common-4.5.1.jar:/Users/ManavSharma/.m2/repository/io/rest-assured/xml-path/4.5.1/xml-path-4.5.1.jar:/Users/ManavSharma/.m2/repository/org/awaitility/awaitility/4.2.0/awaitility-4.2.0.jar:/Users/ManavSharma/.m2/repository/org/webjars/webjars-locator/0.37/webjars-locator-0.37.jar:/Users/ManavSharma/.m2/repository/org/webjars/webjars-locator-core/0.50/webjars-locator-core-0.50.jar:/Users/ManavSharma/.m2/repository/io/github/classgraph/classgraph/4.8.139/classgraph-4.8.139.jar:/Users/ManavSharma/.m2/repository/com/fasterxml/jackson/core/jackson-databind/2.13.5/jackson-databind-2.13.5.jar:/Users/ManavSharma/.m2/repository/org/apache/commons/commons-lang3/3.12.0/commons-lang3-3.12.0.jar:/Users/ManavSharma/.m2/repository/org/webjars/bootstrap/4.5.3/bootstrap-4.5.3.jar:/Users/ManavSharma/.m2/repository/org/webjars/popper.js/1.16.0/popper.js-1.16.0.jar:/Users/ManavSharma/.m2/repository/org/webjars/jquery/3.5.1/jquery-3.5.1.jar:/Users/ManavSharma/.m2/repository/org/webjars/font-awesome/5.15.1/font-awesome-5.15.1.jar:/Users/ManavSharma/.m2/repository/org/webjars/npm/js-joda/1.11.0/js-joda-1.11.0.jar:"/>
    <property name="sun.cpu.endian" value="little"/>
    <property name="user.home" value="/Users/ManavSharma"/>
    <property name="user.language" value="en"/>
    <property name="java.specification.vendor" value="Oracle Corporation"/>
    <property name="java.version.date" value="2023-07-18"/>
    <property name="java.home" value="/Library/Java/JavaVirtualMachines/jdk-20.jdk/Contents/Home"/>
    <property name="file.separator" value="/"/>
    <property name="basedir" value="/Users/ManavSharma/Desktop/pholder/College/Y4/Sem 2/FYP Impl/TMS"/>
    <property name="java.vm.compressedOopsMode" value="Zero based"/>
    <property name="line.separator" value="&#10;"/>
    <property name="java.vm.specification.vendor" value="Oracle Corporation"/>
    <property name="java.specification.name" value="Java Platform API Specification"/>
    <property name="FILE_LOG_CHARSET" value="UTF-8"/>
    <property name="java.awt.headless" value="true"/>
    <property name="apple.awt.application.name" value="ForkedBooter"/>
    <property name="surefire.real.class.path" value="/Users/ManavSharma/Desktop/pholder/College/Y4/Sem 2/FYP Impl/TMS/target/surefire/surefirebooter-20240307202849062_3.jar"/>
    <property name="sun.management.compiler" value="HotSpot 64-Bit Tiered Compilers"/>
    <property name="ftp.nonProxyHosts" value="local|*.local|169.254/16|*.169.254/16"/>
    <property name="java.runtime.version" value="20.0.2+9-78"/>
    <property name="user.name" value="ManavSharma"/>
    <property name="stdout.encoding" value="UTF-8"/>
    <property name="path.separator" value=":"/>
    <property name="os.version" value="12.7.3"/>
    <property name="java.runtime.name" value="Java(TM) SE Runtime Environment"/>
    <property name="file.encoding" value="UTF-8"/>
    <property name="spring.beaninfo.ignore" value="true"/>
    <property name="java.vm.name" value="Java HotSpot(TM) 64-Bit Server VM"/>
    <property name="localRepository" value="/Users/ManavSharma/.m2/repository"/>
    <property name="java.vendor.url.bug" value="https://bugreport.java.com/bugreport/"/>
    <property name="java.io.tmpdir" value="/var/folders/t5/x2wbvm3125j4gthqgnqcfxnm0000gp/T/"/>
    <property name="com.zaxxer.hikari.pool_number" value="1"/>
    <property name="java.version" value="20.0.2"/>
    <property name="user.dir" value="/Users/ManavSharma/Desktop/pholder/College/Y4/Sem 2/FYP Impl/TMS"/>
    <property name="os.arch" value="x86_64"/>
    <property name="java.vm.specification.name" value="Java Virtual Machine Specification"/>
    <property name="PID" value="4140"/>
    <property name="CONSOLE_LOG_CHARSET" value="UTF-8"/>
    <property name="native.encoding" value="UTF-8"/>
    <property name="java.library.path" value="/Users/ManavSharma/Library/Java/Extensions:/Library/Java/Extensions:/Network/Library/Java/Extensions:/System/Library/Java/Extensions:/usr/lib/java:."/>
    <property name="java.vm.info" value="mixed mode, sharing"/>
    <property name="stderr.encoding" value="UTF-8"/>
    <property name="java.vendor" value="Oracle Corporation"/>
    <property name="java.vm.version" value="20.0.2+9-78"/>
    <property name="sun.io.unicode.encoding" value="UnicodeBig"/>
    <property name="socksNonProxyHosts" value="local|*.local|169.254/16|*.169.254/16"/>
    <property name="java.class.version" value="64.0"/>
    <property name="CONSOLE_LOG_PATTERN" value="%d{HH:mm:ss.SSS} %clr(%5p) %blue([%-15.15t]) %m%n"/>
  </properties>
  <testcase name="teacherRoomStability" classname="org.acme.schooltimetabling.solver.TimeTableConstraintProviderTest" time="1.415">
    <system-out><![CDATA[20:28:51.152 [main] DEBUG org.springframework.test.context.BootstrapUtils - Instantiating CacheAwareContextLoaderDelegate from class [org.springframework.test.context.cache.DefaultCacheAwareContextLoaderDelegate]
20:28:51.202 [main] DEBUG org.springframework.test.context.BootstrapUtils - Instantiating BootstrapContext using constructor [public org.springframework.test.context.support.DefaultBootstrapContext(java.lang.Class,org.springframework.test.context.CacheAwareContextLoaderDelegate)]
20:28:51.320 [main] DEBUG org.springframework.test.context.BootstrapUtils - Instantiating TestContextBootstrapper for test class [org.acme.schooltimetabling.solver.TimeTableConstraintProviderTest] from class [org.springframework.boot.test.context.SpringBootTestContextBootstrapper]
20:28:51.371 [main] INFO org.springframework.boot.test.context.SpringBootTestContextBootstrapper - Neither @ContextConfiguration nor @ContextHierarchy found for test class [org.acme.schooltimetabling.solver.TimeTableConstraintProviderTest], using SpringBootContextLoader
20:28:51.384 [main] DEBUG org.springframework.test.context.support.AbstractContextLoader - Did not detect default resource location for test class [org.acme.schooltimetabling.solver.TimeTableConstraintProviderTest]: class path resource [org/acme/schooltimetabling/solver/TimeTableConstraintProviderTest-context.xml] does not exist
20:28:51.385 [main] DEBUG org.springframework.test.context.support.AbstractContextLoader - Did not detect default resource location for test class [org.acme.schooltimetabling.solver.TimeTableConstraintProviderTest]: class path resource [org/acme/schooltimetabling/solver/TimeTableConstraintProviderTestContext.groovy] does not exist
20:28:51.386 [main] INFO org.springframework.test.context.support.AbstractContextLoader - Could not detect default resource locations for test class [org.acme.schooltimetabling.solver.TimeTableConstraintProviderTest]: no resource found for suffixes {-context.xml, Context.groovy}.
20:28:51.389 [main] INFO org.springframework.test.context.support.AnnotationConfigContextLoaderUtils - Could not detect default configuration classes for test class [org.acme.schooltimetabling.solver.TimeTableConstraintProviderTest]: TimeTableConstraintProviderTest does not declare any static, non-private, non-final, nested classes annotated with @Configuration.
20:28:51.557 [main] DEBUG org.springframework.test.context.support.ActiveProfilesUtils - Could not find an 'annotation declaring class' for annotation type [org.springframework.test.context.ActiveProfiles] and class [org.acme.schooltimetabling.solver.TimeTableConstraintProviderTest]
20:28:51.800 [main] DEBUG org.springframework.context.annotation.ClassPathScanningCandidateComponentProvider - Identified candidate component class: file [/Users/ManavSharma/Desktop/pholder/College/Y4/Sem 2/FYP Impl/TMS/target/classes/org/acme/schooltimetabling/TimeTableSpringBootApp.class]
20:28:51.802 [main] INFO org.springframework.boot.test.context.SpringBootTestContextBootstrapper - Found @SpringBootConfiguration org.acme.schooltimetabling.TimeTableSpringBootApp for test class org.acme.schooltimetabling.solver.TimeTableConstraintProviderTest
20:28:52.169 [main] DEBUG org.springframework.boot.test.context.SpringBootTestContextBootstrapper - @TestExecutionListeners is not present for class [org.acme.schooltimetabling.solver.TimeTableConstraintProviderTest]: using defaults.
20:28:52.170 [main] INFO org.springframework.boot.test.context.SpringBootTestContextBootstrapper - Loaded default TestExecutionListener class names from location [META-INF/spring.factories]: [org.springframework.boot.test.mock.mockito.MockitoTestExecutionListener, org.springframework.boot.test.mock.mockito.ResetMocksTestExecutionListener, org.springframework.boot.test.autoconfigure.restdocs.RestDocsTestExecutionListener, org.springframework.boot.test.autoconfigure.web.client.MockRestServiceServerResetTestExecutionListener, org.springframework.boot.test.autoconfigure.web.servlet.MockMvcPrintOnlyOnFailureTestExecutionListener, org.springframework.boot.test.autoconfigure.web.servlet.WebDriverTestExecutionListener, org.springframework.boot.test.autoconfigure.webservices.client.MockWebServiceServerTestExecutionListener, org.springframework.test.context.web.ServletTestExecutionListener, org.springframework.test.context.support.DirtiesContextBeforeModesTestExecutionListener, org.springframework.test.context.event.ApplicationEventsTestExecutionListener, org.springframework.test.context.support.DependencyInjectionTestExecutionListener, org.springframework.test.context.support.DirtiesContextTestExecutionListener, org.springframework.test.context.transaction.TransactionalTestExecutionListener, org.springframework.test.context.jdbc.SqlScriptsTestExecutionListener, org.springframework.test.context.event.EventPublishingTestExecutionListener]
20:28:52.247 [main] INFO org.springframework.boot.test.context.SpringBootTestContextBootstrapper - Using TestExecutionListeners: [org.springframework.test.context.web.ServletTestExecutionListener@19e4fcac, org.springframework.test.context.support.DirtiesContextBeforeModesTestExecutionListener@52c3cb31, org.springframework.test.context.event.ApplicationEventsTestExecutionListener@4b79ac84, org.springframework.boot.test.mock.mockito.MockitoTestExecutionListener@53941c2f, org.springframework.boot.test.autoconfigure.SpringBootDependencyInjectionTestExecutionListener@6dab9b6d, org.springframework.test.context.support.DirtiesContextTestExecutionListener@21fd5faa, org.springframework.test.context.transaction.TransactionalTestExecutionListener@2766ca9d, org.springframework.test.context.jdbc.SqlScriptsTestExecutionListener@5460cf3a, org.springframework.test.context.event.EventPublishingTestExecutionListener@65a15628, org.springframework.boot.test.mock.mockito.ResetMocksTestExecutionListener@2e6a5539, org.springframework.boot.test.autoconfigure.restdocs.RestDocsTestExecutionListener@3fc9504b, org.springframework.boot.test.autoconfigure.web.client.MockRestServiceServerResetTestExecutionListener@6d025197, org.springframework.boot.test.autoconfigure.web.servlet.MockMvcPrintOnlyOnFailureTestExecutionListener@27d4a09, org.springframework.boot.test.autoconfigure.web.servlet.WebDriverTestExecutionListener@7e4204e2, org.springframework.boot.test.autoconfigure.webservices.client.MockWebServiceServerTestExecutionListener@b7c4869]
20:28:52.262 [main] DEBUG org.springframework.test.context.support.AbstractDirtiesContextTestExecutionListener - Before test class: context [DefaultTestContext@6bca7e0d testClass = TimeTableConstraintProviderTest, testInstance = [null], testMethod = [null], testException = [null], mergedContextConfiguration = [WebMergedContextConfiguration@2631f68c testClass = TimeTableConstraintProviderTest, locations = '{}', classes = '{class org.acme.schooltimetabling.TimeTableSpringBootApp}', contextInitializerClasses = '[]', activeProfiles = '{}', propertySourceLocations = '{}', propertySourceProperties = '{org.springframework.boot.test.context.SpringBootTestContextBootstrapper=true}', contextCustomizers = set[org.springframework.boot.test.context.filter.ExcludeFilterContextCustomizer@3012646b, org.springframework.boot.test.json.DuplicateJsonObjectContextCustomizerFactory$DuplicateJsonObjectContextCustomizer@537f60bf, org.springframework.boot.test.mock.mockito.MockitoContextCustomizer@0, org.springframework.boot.test.web.client.TestRestTemplateContextCustomizer@71ba6d4e, org.springframework.boot.test.autoconfigure.actuate.metrics.MetricsExportContextCustomizerFactory$DisableMetricExportContextCustomizer@2e385cce, org.springframework.boot.test.autoconfigure.properties.PropertyMappingContextCustomizer@0, org.springframework.boot.test.autoconfigure.web.servlet.WebDriverContextCustomizerFactory$Customizer@74ea2410, org.springframework.boot.test.context.SpringBootTestArgs@1, org.springframework.boot.test.context.SpringBootTestWebEnvironment@4fcd19b3], resourceBasePath = 'src/main/webapp', contextLoader = 'org.springframework.boot.test.context.SpringBootContextLoader', parent = [null]], attributes = map['org.springframework.test.context.web.ServletTestExecutionListener.activateListener' -> true]], class annotated with @DirtiesContext [false] with mode [null].

  .   ____          _            __ _ _
 /\\ / ___'_ __ _ _(_)_ __  __ _ \ \ \ \
( ( )\___ | '_ | '_| | '_ \/ _` | \ \ \ \
 \\/  ___)| |_)| | | | | || (_| |  ) ) ) )
  '  |____| .__|_| |_|_| |_\__, | / / / /
 =========|_|==============|___/=/_/_/_/
 :: Spring Boot ::               (v2.7.12)

20:28:58.417  INFO &amp#27;[34m[main           ]&amp#27;[0;39m Starting TimeTableConstraintProviderTest using Java 20.0.2 on MACBOOK-AIR.station with PID 4140 (started by ManavSharma in /Users/ManavSharma/Desktop/pholder/College/Y4/Sem 2/FYP Impl/TMS)
20:28:58.419  INFO &amp#27;[34m[main           ]&amp#27;[0;39m No active profile set, falling back to 1 default profile: "default"
20:29:00.590  INFO &amp#27;[34m[main           ]&amp#27;[0;39m Bootstrapping Spring Data JPA repositories in DEFAULT mode.
20:29:00.715  INFO &amp#27;[34m[main           ]&amp#27;[0;39m Finished Spring Data repository scanning in 104 ms. Found 3 JPA repository interfaces.
20:29:01.993  INFO &amp#27;[34m[main           ]&amp#27;[0;39m HikariPool-1 - Starting...
20:29:02.500  INFO &amp#27;[34m[main           ]&amp#27;[0;39m HikariPool-1 - Start completed.
20:29:02.656  INFO &amp#27;[34m[main           ]&amp#27;[0;39m HHH000204: Processing PersistenceUnitInfo [name: default]
20:29:02.857  INFO &amp#27;[34m[main           ]&amp#27;[0;39m HHH000412: Hibernate ORM core version 5.6.15.Final
20:29:03.419  INFO &amp#27;[34m[main           ]&amp#27;[0;39m HCANN000001: Hibernate Commons Annotations {5.1.2.Final}
20:29:03.752  INFO &amp#27;[34m[main           ]&amp#27;[0;39m HHH000400: Using dialect: org.hibernate.dialect.PostgreSQLDialect
20:29:05.286  INFO &amp#27;[34m[main           ]&amp#27;[0;39m HHH000490: Using JtaPlatform implementation: [org.hibernate.engine.transaction.jta.platform.internal.NoJtaPlatform]
20:29:05.319  INFO &amp#27;[34m[main           ]&amp#27;[0;39m Initialized JPA EntityManagerFactory for persistence unit 'default'
20:29:06.226 DEBUG &amp#27;[34m[main           ]&amp#27;[0;39m Identified candidate component class: file [/Users/ManavSharma/Desktop/pholder/College/Y4/Sem 2/FYP Impl/TMS/target/classes/org/acme/schooltimetabling/domain/TimeTable.class]
20:29:06.236 DEBUG &amp#27;[34m[main           ]&amp#27;[0;39m Identified candidate component class: file [/Users/ManavSharma/Desktop/pholder/College/Y4/Sem 2/FYP Impl/TMS/target/classes/org/acme/schooltimetabling/domain/Lesson.class]
20:29:10.912  WARN &amp#27;[34m[main           ]&amp#27;[0;39m spring.jpa.open-in-view is enabled by default. Therefore, database queries may be performed during view rendering. Explicitly configure spring.jpa.open-in-view to disable this warning
20:29:12.009  INFO &amp#27;[34m[main           ]&amp#27;[0;39m Adding welcome page: class path resource [static/index.html]
20:29:13.983  INFO &amp#27;[34m[main           ]&amp#27;[0;39m Started TimeTableConstraintProviderTest in 21.567 seconds (JVM running for 24.617)
]]></system-out>
  </testcase>
  <testcase name="roomConflict" classname="org.acme.schooltimetabling.solver.TimeTableConstraintProviderTest" time="0.524"/>
  <testcase name="teacherConflict" classname="org.acme.schooltimetabling.solver.TimeTableConstraintProviderTest" time="0.529"/>
  <testcase name="studentGroupConflict" classname="org.acme.schooltimetabling.solver.TimeTableConstraintProviderTest" time="0.47"/>
  <testcase name="studentGroupSubjectVariety" classname="org.acme.schooltimetabling.solver.TimeTableConstraintProviderTest" time="0.986"/>
  <testcase name="teacherTimeEfficiency" classname="org.acme.schooltimetabling.solver.TimeTableConstraintProviderTest" time="1.223">
    <failure message="Broken expectation.&#10;        Constraint: org.acme.schooltimetabling.domain/Teacher time inefficiency&#10;   Expected reward: 1 (class java.lang.Integer)&#10;    Actual penalty: 1 (class java.lang.Integer)&#10;&#10;  Explanation of score (0hard/-1soft):&#10;    Constraint match totals:&#10;        -1soft: constraint (Teacher time inefficiency) has 1 matches:&#10;            -1soft: justifications ([Subject2(2), Subject3(3)])&#10;    Indictments:&#10;        -1soft: indicted object (Subject2(2)) has 1 matches:&#10;            -1soft: constraint (Teacher time inefficiency)&#10;        -1soft: indicted object (Subject3(3)) has 1 matches:&#10;            -1soft: constraint (Teacher time inefficiency)&#10;" type="java.lang.AssertionError"><![CDATA[java.lang.AssertionError: 
Broken expectation.
        Constraint: org.acme.schooltimetabling.domain/Teacher time inefficiency
   Expected reward: 1 (class java.lang.Integer)
    Actual penalty: 1 (class java.lang.Integer)

  Explanation of score (0hard/-1soft):
    Constraint match totals:
        -1soft: constraint (Teacher time inefficiency) has 1 matches:
            -1soft: justifications ([Subject2(2), Subject3(3)])
    Indictments:
        -1soft: indicted object (Subject2(2)) has 1 matches:
            -1soft: constraint (Teacher time inefficiency)
        -1soft: indicted object (Subject3(3)) has 1 matches:
            -1soft: constraint (Teacher time inefficiency)

	at org.optaplanner.test.impl.score.stream.DefaultSingleConstraintAssertion.assertImpact(DefaultSingleConstraintAssertion.java:154)
	at org.optaplanner.test.impl.score.stream.DefaultSingleConstraintAssertion.rewardsWith(DefaultSingleConstraintAssertion.java:95)
	at org.optaplanner.test.api.score.stream.SingleConstraintAssertion.rewardsWith(SingleConstraintAssertion.java:148)
	at org.acme.schooltimetabling.solver.TimeTableConstraintProviderTest.teacherTimeEfficiency(TimeTableConstraintProviderTest.java:80)
	at java.base/jdk.internal.reflect.DirectMethodHandleAccessor.invoke(DirectMethodHandleAccessor.java:104)
	at java.base/java.lang.reflect.Method.invoke(Method.java:578)
	at org.junit.platform.commons.util.ReflectionUtils.invokeMethod(ReflectionUtils.java:725)
	at org.junit.jupiter.engine.execution.MethodInvocation.proceed(MethodInvocation.java:60)
	at org.junit.jupiter.engine.execution.InvocationInterceptorChain$ValidatingInvocation.proceed(InvocationInterceptorChain.java:131)
	at org.junit.jupiter.engine.extension.TimeoutExtension.intercept(TimeoutExtension.java:149)
	at org.junit.jupiter.engine.extension.TimeoutExtension.interceptTestableMethod(TimeoutExtension.java:140)
	at org.junit.jupiter.engine.extension.TimeoutExtension.interceptTestMethod(TimeoutExtension.java:84)
	at org.junit.jupiter.engine.execution.ExecutableInvoker$ReflectiveInterceptorCall.lambda$ofVoidMethod$0(ExecutableInvoker.java:115)
	at org.junit.jupiter.engine.execution.ExecutableInvoker.lambda$invoke$0(ExecutableInvoker.java:105)
	at org.junit.jupiter.engine.execution.InvocationInterceptorChain$InterceptedInvocation.proceed(InvocationInterceptorChain.java:106)
	at org.junit.jupiter.engine.execution.InvocationInterceptorChain.proceed(InvocationInterceptorChain.java:64)
	at org.junit.jupiter.engine.execution.InvocationInterceptorChain.chainAndInvoke(InvocationInterceptorChain.java:45)
	at org.junit.jupiter.engine.execution.InvocationInterceptorChain.invoke(InvocationInterceptorChain.java:37)
	at org.junit.jupiter.engine.execution.ExecutableInvoker.invoke(ExecutableInvoker.java:104)
	at org.junit.jupiter.engine.execution.ExecutableInvoker.invoke(ExecutableInvoker.java:98)
	at org.junit.jupiter.engine.descriptor.TestMethodTestDescriptor.lambda$invokeTestMethod$7(TestMethodTestDescriptor.java:214)
	at org.junit.platform.engine.support.hierarchical.ThrowableCollector.execute(ThrowableCollector.java:73)
	at org.junit.jupiter.engine.descriptor.TestMethodTestDescriptor.invokeTestMethod(TestMethodTestDescriptor.java:210)
	at org.junit.jupiter.engine.descriptor.TestMethodTestDescriptor.execute(TestMethodTestDescriptor.java:135)
	at org.junit.jupiter.engine.descriptor.TestMethodTestDescriptor.execute(TestMethodTestDescriptor.java:66)
	at org.junit.platform.engine.support.hierarchical.NodeTestTask.lambda$executeRecursively$6(NodeTestTask.java:151)
	at org.junit.platform.engine.support.hierarchical.ThrowableCollector.execute(ThrowableCollector.java:73)
	at org.junit.platform.engine.support.hierarchical.NodeTestTask.lambda$executeRecursively$8(NodeTestTask.java:141)
	at org.junit.platform.engine.support.hierarchical.Node.around(Node.java:137)
	at org.junit.platform.engine.support.hierarchical.NodeTestTask.lambda$executeRecursively$9(NodeTestTask.java:139)
	at org.junit.platform.engine.support.hierarchical.ThrowableCollector.execute(ThrowableCollector.java:73)
	at org.junit.platform.engine.support.hierarchical.NodeTestTask.executeRecursively(NodeTestTask.java:138)
	at org.junit.platform.engine.support.hierarchical.NodeTestTask.execute(NodeTestTask.java:95)
	at java.base/java.util.ArrayList.forEach(ArrayList.java:1511)
	at org.junit.platform.engine.support.hierarchical.SameThreadHierarchicalTestExecutorService.invokeAll(SameThreadHierarchicalTestExecutorService.java:41)
	at org.junit.platform.engine.support.hierarchical.NodeTestTask.lambda$executeRecursively$6(NodeTestTask.java:155)
	at org.junit.platform.engine.support.hierarchical.ThrowableCollector.execute(ThrowableCollector.java:73)
	at org.junit.platform.engine.support.hierarchical.NodeTestTask.lambda$executeRecursively$8(NodeTestTask.java:141)
	at org.junit.platform.engine.support.hierarchical.Node.around(Node.java:137)
	at org.junit.platform.engine.support.hierarchical.NodeTestTask.lambda$executeRecursively$9(NodeTestTask.java:139)
	at org.junit.platform.engine.support.hierarchical.ThrowableCollector.execute(ThrowableCollector.java:73)
	at org.junit.platform.engine.support.hierarchical.NodeTestTask.executeRecursively(NodeTestTask.java:138)
	at org.junit.platform.engine.support.hierarchical.NodeTestTask.execute(NodeTestTask.java:95)
	at java.base/java.util.ArrayList.forEach(ArrayList.java:1511)
	at org.junit.platform.engine.support.hierarchical.SameThreadHierarchicalTestExecutorService.invokeAll(SameThreadHierarchicalTestExecutorService.java:41)
	at org.junit.platform.engine.support.hierarchical.NodeTestTask.lambda$executeRecursively$6(NodeTestTask.java:155)
	at org.junit.platform.engine.support.hierarchical.ThrowableCollector.execute(ThrowableCollector.java:73)
	at org.junit.platform.engine.support.hierarchical.NodeTestTask.lambda$executeRecursively$8(NodeTestTask.java:141)
	at org.junit.platform.engine.support.hierarchical.Node.around(Node.java:137)
	at org.junit.platform.engine.support.hierarchical.NodeTestTask.lambda$executeRecursively$9(NodeTestTask.java:139)
	at org.junit.platform.engine.support.hierarchical.ThrowableCollector.execute(ThrowableCollector.java:73)
	at org.junit.platform.engine.support.hierarchical.NodeTestTask.executeRecursively(NodeTestTask.java:138)
	at org.junit.platform.engine.support.hierarchical.NodeTestTask.execute(NodeTestTask.java:95)
	at org.junit.platform.engine.support.hierarchical.SameThreadHierarchicalTestExecutorService.submit(SameThreadHierarchicalTestExecutorService.java:35)
	at org.junit.platform.engine.support.hierarchical.HierarchicalTestExecutor.execute(HierarchicalTestExecutor.java:57)
	at org.junit.platform.engine.support.hierarchical.HierarchicalTestEngine.execute(HierarchicalTestEngine.java:54)
	at org.junit.platform.launcher.core.EngineExecutionOrchestrator.execute(EngineExecutionOrchestrator.java:107)
	at org.junit.platform.launcher.core.EngineExecutionOrchestrator.execute(EngineExecutionOrchestrator.java:88)
	at org.junit.platform.launcher.core.EngineExecutionOrchestrator.lambda$execute$0(EngineExecutionOrchestrator.java:54)
	at org.junit.platform.launcher.core.EngineExecutionOrchestrator.withInterceptedStreams(EngineExecutionOrchestrator.java:67)
	at org.junit.platform.launcher.core.EngineExecutionOrchestrator.execute(EngineExecutionOrchestrator.java:52)
	at org.junit.platform.launcher.core.DefaultLauncher.execute(DefaultLauncher.java:114)
	at org.junit.platform.launcher.core.DefaultLauncher.execute(DefaultLauncher.java:86)
	at org.junit.platform.launcher.core.DefaultLauncherSession$DelegatingLauncher.execute(DefaultLauncherSession.java:86)
	at org.apache.maven.surefire.junitplatform.LazyLauncher.execute(LazyLauncher.java:55)
	at org.apache.maven.surefire.junitplatform.JUnitPlatformProvider.execute(JUnitPlatformProvider.java:223)
	at org.apache.maven.surefire.junitplatform.JUnitPlatformProvider.invokeAllTests(JUnitPlatformProvider.java:175)
	at org.apache.maven.surefire.junitplatform.JUnitPlatformProvider.invoke(JUnitPlatformProvider.java:139)
	at org.apache.maven.surefire.booter.ForkedBooter.runSuitesInProcess(ForkedBooter.java:456)
	at org.apache.maven.surefire.booter.ForkedBooter.execute(ForkedBooter.java:169)
	at org.apache.maven.surefire.booter.ForkedBooter.run(ForkedBooter.java:595)
	at org.apache.maven.surefire.booter.ForkedBooter.main(ForkedBooter.java:581)
]]></failure>
  </testcase>
</testsuite>